------------------------------------------------------------------------------------------------------------------------

[2017-11-04 17:25:28 #1 store] 
Database 'D:\MusicRoom\netbeanProject\src\MusicRoom\database\Instruments.odb' is opened by 8212@DESKTOP-EIUSTU3

[2017-11-04 17:25:28 #2 store] 
Configuration path: ?

[2017-11-04 17:27:00 #3 store] 
Database 'D:\MusicRoom\netbeanProject\src\MusicRoom\database\Instruments.odb' is closed by 8212@DESKTOP-EIUSTU3

------------------------------------------------------------------------------------------------------------------------

[2017-11-04 18:27:00 #1 store] 
Database 'D:\MusicRoom\netbeanProject\src\MusicRoom\database\user.odb' is opened by 11368@DESKTOP-EIUSTU3

[2017-11-04 18:27:00 #2 store] 
Configuration path: ?

[2017-11-04 18:34:47 #3 store] 
Database 'D:\MusicRoom\netbeanProject\src\MusicRoom\database\user.odb' is closed by 11368@DESKTOP-EIUSTU3

------------------------------------------------------------------------------------------------------------------------

[2017-11-04 18:36:18 #1 store] 
Database 'D:\MusicRoom\netbeanProject\src\MusicRoom\database\user.odb' is opened by 14052@DESKTOP-EIUSTU3

[2017-11-04 18:36:18 #2 store] 
Configuration path: ?

[2017-11-04 18:36:26 #3 store] 
Database 'D:\MusicRoom\netbeanProject\src\MusicRoom\database\user.odb' is closed by 14052@DESKTOP-EIUSTU3

[2017-11-04 18:36:26 #4 store] 
Database 'D:\MusicRoom\netbeanProject\src\MusicRoom\database\Instruments.odb' is opened by 14052@DESKTOP-EIUSTU3

[2017-11-04 18:36:26 #5 store] 
Configuration path: ?

[2017-11-04 20:26:02 #6 store] 
Database 'D:\MusicRoom\netbeanProject\src\MusicRoom\database\Instruments.odb' is closed by 14052@DESKTOP-EIUSTU3

